<?xml version="1.0" encoding="UTF-8"?>
<!-- Generated by org.testng.reporters.JUnitReportReporter -->
<testsuite hostname="LAPTOP-CONTCNAG" failures="0" tests="4" name="cucmberOptions.TestRunner" time="29.637" errors="0" timestamp="2025-07-27T02:32:51 IST" skipped="0">
  <testcase classname="cucmberOptions.TestRunner" name="runScenario" time="10.066"/>
  <testcase classname="cucmberOptions.TestRunner" name="runScenario" time="6.725"/>
  <testcase classname="cucmberOptions.TestRunner" name="runScenario" time="6.489"/>
  <testcase classname="cucmberOptions.TestRunner" name="runScenario" time="6.357"/>
</testsuite> <!-- cucmberOptions.TestRunner -->
