<?xml version="1.0" encoding="UTF-8"?>
<!-- Generated by org.testng.reporters.JUnitReportReporter -->
<testsuite hostname="LAPTOP-CONTCNAG" failures="0" tests="4" name="cucmberOptions.TestRunner" time="25.461" errors="0" timestamp="2025-08-02T01:03:05 IST" skipped="0">
  <testcase classname="cucmberOptions.TestRunner" name="runScenario" time="5.186"/>
  <testcase classname="cucmberOptions.TestRunner" name="runScenario" time="5.238"/>
  <testcase classname="cucmberOptions.TestRunner" name="runScenario" time="6.143"/>
  <testcase classname="cucmberOptions.TestRunner" name="runScenario" time="8.894"/>
</testsuite> <!-- cucmberOptions.TestRunner -->
