<?xml version="1.0" encoding="UTF-8"?>
<!-- Generated by org.testng.reporters.JUnitReportReporter -->
<testsuite hostname="LAPTOP-CONTCNAG" failures="0" tests="4" name="cucmberOptions.TestRunner" time="27.803" errors="0" timestamp="2025-07-27T03:25:50 IST" skipped="0">
  <testcase classname="cucmberOptions.TestRunner" name="runScenario" time="5.931"/>
  <testcase classname="cucmberOptions.TestRunner" name="runScenario" time="8.931"/>
  <testcase classname="cucmberOptions.TestRunner" name="runScenario" time="6.873"/>
  <testcase classname="cucmberOptions.TestRunner" name="runScenario" time="6.068"/>
</testsuite> <!-- cucmberOptions.TestRunner -->
